<?xml version="1.0" encoding="UTF-8"?>
<!-- Generated by org.testng.reporters.JUnitXMLReporter -->
<testsuite ignored="2" hostname="DESKTOP-9G792OO" failures="0" tests="1" name="Default test" time="8.838" errors="0" timestamp="27 Mar 2019 03:01:51 GMT">
  <testcase classname="TestCaseExceution.testcase_exe_catagory" name="month" time="1.658"/>
  <testcase classname="TestCaseExceution.testcase_exe_catagory" name="duplicatecategory" time="0.0">
    <ignored/>
  </testcase> <!-- duplicatecategory -->
  <testcase classname="TestCaseExceution.testcase_exe_catagory" name="clickcatagory" time="0.0">
    <ignored/>
  </testcase> <!-- clickcatagory -->
</testsuite> <!-- Default test -->
