<?xml version="1.0" encoding="UTF-8"?>
<testng-results ignored="2" total="3" passed="1" failed="0" skipped="0">
  <reporter-output>
  </reporter-output>
  <suite started-at="2019-03-27T03:01:43Z" name="Default suite" finished-at="2019-03-27T03:01:51Z" duration-ms="8838">
    <groups>
    </groups>
    <test started-at="2019-03-27T03:01:43Z" name="Default test" finished-at="2019-03-27T03:01:51Z" duration-ms="8838">
      <class name="TestCaseExceution.testcase_exe_catagory">
        <test-method is-config="true" signature="log()[pri:0, instance:TestCaseExceution.testcase_exe_catagory@32502377]" started-at="2019-03-27T03:01:43Z" name="log" finished-at="2019-03-27T03:01:43Z" duration-ms="16" status="PASS">
          <reporter-output>
          </reporter-output>
        </test-method> <!-- log -->
        <test-method is-config="true" signature="setup()[pri:0, instance:TestCaseExceution.testcase_exe_catagory@32502377]" started-at="2019-03-27T03:01:43Z" name="setup" finished-at="2019-03-27T03:01:49Z" duration-ms="6518" status="PASS">
          <reporter-output>
          </reporter-output>
        </test-method> <!-- setup -->
        <test-method signature="month()[pri:0, instance:TestCaseExceution.testcase_exe_catagory@32502377]" started-at="2019-03-27T03:01:49Z" name="month" finished-at="2019-03-27T03:01:51Z" duration-ms="1658" status="PASS">
          <reporter-output>
          </reporter-output>
        </test-method> <!-- month -->
        <test-method is-config="true" signature="TearDown()[pri:0, instance:TestCaseExceution.testcase_exe_catagory@32502377]" started-at="2019-03-27T03:01:51Z" name="TearDown" finished-at="2019-03-27T03:01:51Z" duration-ms="629" status="PASS">
          <reporter-output>
          </reporter-output>
        </test-method> <!-- TearDown -->
      </class> <!-- TestCaseExceution.testcase_exe_catagory -->
    </test> <!-- Default test -->
  </suite> <!-- Default suite -->
</testng-results>
